Performing C++ SOURCE FILE Test CMAKE_HAVE_LIBC_PTHREAD failed with the following output:
Change Dir: /home/user4/Download/untitled5/lib/build/CMakeFiles/CMakeTmp

Run Build Command(s):/usr/bin/gmake cmTC_a355a/fast && /usr/bin/gmake -f CMakeFiles/cmTC_a355a.dir/build.make CMakeFiles/cmTC_a355a.dir/build
gmake[1]: Entering directory '/home/user4/Download/untitled5/lib/build/CMakeFiles/CMakeTmp'
Building CXX object CMakeFiles/cmTC_a355a.dir/src.cxx.o
/usr/bin/c++    -DCMAKE_HAVE_LIBC_PTHREAD   -std=gnu++17 -o CMakeFiles/cmTC_a355a.dir/src.cxx.o -c /home/user4/Download/untitled5/lib/build/CMakeFiles/CMakeTmp/src.cxx
Linking CXX executable cmTC_a355a
/usr/bin/cmake -E cmake_link_script CMakeFiles/cmTC_a355a.dir/link.txt --verbose=1
/usr/bin/c++   -DCMAKE_HAVE_LIBC_PTHREAD    CMakeFiles/cmTC_a355a.dir/src.cxx.o  -o cmTC_a355a 
/usr/bin/ld: CMakeFiles/cmTC_a355a.dir/src.cxx.o: in function `main':
src.cxx:(.text+0x2d): undefined reference to `pthread_create'
/usr/bin/ld: src.cxx:(.text+0x39): undefined reference to `pthread_detach'
/usr/bin/ld: src.cxx:(.text+0x4a): undefined reference to `pthread_join'
collect2: error: ld returned 1 exit status
gmake[1]: *** [CMakeFiles/cmTC_a355a.dir/build.make:87: cmTC_a355a] Error 1
gmake[1]: Leaving directory '/home/user4/Download/untitled5/lib/build/CMakeFiles/CMakeTmp'
gmake: *** [Makefile:121: cmTC_a355a/fast] Error 2


Source file was:
#include <pthread.h>

void* test_func(void* data)
{
  return data;
}

int main(void)
{
  pthread_t thread;
  pthread_create(&thread, NULL, test_func, NULL);
  pthread_detach(thread);
  pthread_join(thread, NULL);
  pthread_atfork(NULL, NULL, NULL);
  pthread_exit(NULL);

  return 0;
}

Determining if the function pthread_create exists in the pthreads failed with the following output:
Change Dir: /home/user4/Download/untitled5/lib/build/CMakeFiles/CMakeTmp

Run Build Command(s):/usr/bin/gmake cmTC_cdb4d/fast && /usr/bin/gmake -f CMakeFiles/cmTC_cdb4d.dir/build.make CMakeFiles/cmTC_cdb4d.dir/build
gmake[1]: Entering directory '/home/user4/Download/untitled5/lib/build/CMakeFiles/CMakeTmp'
Building CXX object CMakeFiles/cmTC_cdb4d.dir/CheckFunctionExists.cxx.o
/usr/bin/c++    -DCHECK_FUNCTION_EXISTS=pthread_create   -std=gnu++17 -o CMakeFiles/cmTC_cdb4d.dir/CheckFunctionExists.cxx.o -c /home/user4/Download/untitled5/lib/build/CMakeFiles/CheckLibraryExists/CheckFunctionExists.cxx
Linking CXX executable cmTC_cdb4d
/usr/bin/cmake -E cmake_link_script CMakeFiles/cmTC_cdb4d.dir/link.txt --verbose=1
/usr/bin/c++   -DCHECK_FUNCTION_EXISTS=pthread_create    CMakeFiles/cmTC_cdb4d.dir/CheckFunctionExists.cxx.o  -o cmTC_cdb4d  -lpthreads 
/usr/bin/ld: cannot find -lpthreads
collect2: error: ld returned 1 exit status
gmake[1]: *** [CMakeFiles/cmTC_cdb4d.dir/build.make:87: cmTC_cdb4d] Error 1
gmake[1]: Leaving directory '/home/user4/Download/untitled5/lib/build/CMakeFiles/CMakeTmp'
gmake: *** [Makefile:121: cmTC_cdb4d/fast] Error 2



